/home/zhengxiao-han/.local/lib/python3.12/site-packages/setuptools/dist.py:775: UserWarning: Usage of dash-separated 'script-dir' will not be supported in future versions. Please use the underscore name 'script_dir' instead
  warnings.warn(
running develop
/home/zhengxiao-han/.local/lib/python3.12/site-packages/setuptools/command/easy_install.py:144: EasyInstallDeprecationWarning: easy_install command is deprecated. Use build and pip and other standards-based tools.
  warnings.warn(
running egg_info
creating turtle_brick.egg-info
writing turtle_brick.egg-info/PKG-INFO
writing dependency_links to turtle_brick.egg-info/dependency_links.txt
writing entry points to turtle_brick.egg-info/entry_points.txt
writing requirements to turtle_brick.egg-info/requires.txt
writing top-level names to turtle_brick.egg-info/top_level.txt
writing manifest file 'turtle_brick.egg-info/SOURCES.txt'
reading manifest file 'turtle_brick.egg-info/SOURCES.txt'
writing manifest file 'turtle_brick.egg-info/SOURCES.txt'
running build_ext
Creating /home/zhengxiao-han/homework/me495/hw2/ws/src/homework-2-0nhc/install/turtle_brick/lib/python3.12/site-packages/turtle-brick.egg-link (link to .)
Installing arena script to /home/zhengxiao-han/homework/me495/hw2/ws/src/homework-2-0nhc/install/turtle_brick/lib/turtle_brick

Installed /home/zhengxiao-han/homework/me495/hw2/ws/src/homework-2-0nhc/build/turtle_brick
running symlink_data
creating /home/zhengxiao-han/homework/me495/hw2/ws/src/homework-2-0nhc/install/turtle_brick/share/ament_index
creating /home/zhengxiao-han/homework/me495/hw2/ws/src/homework-2-0nhc/install/turtle_brick/share/ament_index/resource_index
creating /home/zhengxiao-han/homework/me495/hw2/ws/src/homework-2-0nhc/install/turtle_brick/share/ament_index/resource_index/packages
symbolically linking /home/zhengxiao-han/homework/me495/hw2/ws/src/homework-2-0nhc/build/turtle_brick/resource/turtle_brick -> /home/zhengxiao-han/homework/me495/hw2/ws/src/homework-2-0nhc/install/turtle_brick/share/ament_index/resource_index/packages
symbolically linking /home/zhengxiao-han/homework/me495/hw2/ws/src/homework-2-0nhc/build/turtle_brick/package.xml -> /home/zhengxiao-han/homework/me495/hw2/ws/src/homework-2-0nhc/install/turtle_brick/share/turtle_brick
creating /home/zhengxiao-han/homework/me495/hw2/ws/src/homework-2-0nhc/install/turtle_brick/share/turtle_brick/launch
symbolically linking /home/zhengxiao-han/homework/me495/hw2/ws/src/homework-2-0nhc/build/turtle_brick/launch/show_turtle.launch.xml -> /home/zhengxiao-han/homework/me495/hw2/ws/src/homework-2-0nhc/install/turtle_brick/share/turtle_brick/launch
creating /home/zhengxiao-han/homework/me495/hw2/ws/src/homework-2-0nhc/install/turtle_brick/share/turtle_brick/config
symbolically linking /home/zhengxiao-han/homework/me495/hw2/ws/src/homework-2-0nhc/build/turtle_brick/config/turtle.yaml -> /home/zhengxiao-han/homework/me495/hw2/ws/src/homework-2-0nhc/install/turtle_brick/share/turtle_brick/config
creating /home/zhengxiao-han/homework/me495/hw2/ws/src/homework-2-0nhc/install/turtle_brick/share/turtle_brick/urdf
symbolically linking /home/zhengxiao-han/homework/me495/hw2/ws/src/homework-2-0nhc/build/turtle_brick/urdf/_platform_connector.urdf.xacro -> /home/zhengxiao-han/homework/me495/hw2/ws/src/homework-2-0nhc/install/turtle_brick/share/turtle_brick/urdf
symbolically linking /home/zhengxiao-han/homework/me495/hw2/ws/src/homework-2-0nhc/build/turtle_brick/urdf/_stem.urdf.xacro -> /home/zhengxiao-han/homework/me495/hw2/ws/src/homework-2-0nhc/install/turtle_brick/share/turtle_brick/urdf
symbolically linking /home/zhengxiao-han/homework/me495/hw2/ws/src/homework-2-0nhc/build/turtle_brick/urdf/_base_link.urdf.xacro -> /home/zhengxiao-han/homework/me495/hw2/ws/src/homework-2-0nhc/install/turtle_brick/share/turtle_brick/urdf
symbolically linking /home/zhengxiao-han/homework/me495/hw2/ws/src/homework-2-0nhc/build/turtle_brick/urdf/turtle.urdf.xacro -> /home/zhengxiao-han/homework/me495/hw2/ws/src/homework-2-0nhc/install/turtle_brick/share/turtle_brick/urdf
symbolically linking /home/zhengxiao-han/homework/me495/hw2/ws/src/homework-2-0nhc/build/turtle_brick/urdf/_wheel.urdf.xacro -> /home/zhengxiao-han/homework/me495/hw2/ws/src/homework-2-0nhc/install/turtle_brick/share/turtle_brick/urdf
symbolically linking /home/zhengxiao-han/homework/me495/hw2/ws/src/homework-2-0nhc/build/turtle_brick/urdf/_platform.urdf.xacro -> /home/zhengxiao-han/homework/me495/hw2/ws/src/homework-2-0nhc/install/turtle_brick/share/turtle_brick/urdf
creating /home/zhengxiao-han/homework/me495/hw2/ws/src/homework-2-0nhc/install/turtle_brick/share/turtle_brick/rviz
symbolically linking /home/zhengxiao-han/homework/me495/hw2/ws/src/homework-2-0nhc/build/turtle_brick/rviz/turtle_brick.rviz -> /home/zhengxiao-han/homework/me495/hw2/ws/src/homework-2-0nhc/install/turtle_brick/share/turtle_brick/rviz
