[0.475s] Invoking command in '/home/zhengxiao-han/homework/me495/hw2/ws/src/homework-2-0nhc/build/turtle_brick': PYTHONPATH=/home/zhengxiao-han/homework/me495/hw2/ws/src/homework-2-0nhc/build/turtle_brick/prefix_override:/usr/lib/python3/dist-packages/colcon_core/task/python/colcon_distutils_commands:/home/zhengxiao-han/homework/me495/hw2/ws/src/homework-2-0nhc/install/turtle_brick/lib/python3.12/site-packages:${PYTHONPATH} /usr/bin/python3 -W ignore:setup.py install is deprecated setup.py develop --editable --build-directory /home/zhengxiao-han/homework/me495/hw2/ws/src/homework-2-0nhc/build/turtle_brick/build --no-deps symlink_data
[0.577s] /home/zhengxiao-han/.local/lib/python3.12/site-packages/setuptools/dist.py:775: UserWarning: Usage of dash-separated 'script-dir' will not be supported in future versions. Please use the underscore name 'script_dir' instead
[0.577s]   warnings.warn(
[0.638s] running develop
[0.638s] /home/zhengxiao-han/.local/lib/python3.12/site-packages/setuptools/command/easy_install.py:144: EasyInstallDeprecationWarning: easy_install command is deprecated. Use build and pip and other standards-based tools.
[0.639s]   warnings.warn(
[0.740s] running egg_info
[0.740s] creating turtle_brick.egg-info
[0.750s] writing turtle_brick.egg-info/PKG-INFO
[0.750s] writing dependency_links to turtle_brick.egg-info/dependency_links.txt
[0.750s] writing entry points to turtle_brick.egg-info/entry_points.txt
[0.751s] writing requirements to turtle_brick.egg-info/requires.txt
[0.751s] writing top-level names to turtle_brick.egg-info/top_level.txt
[0.751s] writing manifest file 'turtle_brick.egg-info/SOURCES.txt'
[0.771s] reading manifest file 'turtle_brick.egg-info/SOURCES.txt'
[0.771s] writing manifest file 'turtle_brick.egg-info/SOURCES.txt'
[0.782s] running build_ext
[0.782s] Creating /home/zhengxiao-han/homework/me495/hw2/ws/src/homework-2-0nhc/install/turtle_brick/lib/python3.12/site-packages/turtle-brick.egg-link (link to .)
[0.782s] Installing arena script to /home/zhengxiao-han/homework/me495/hw2/ws/src/homework-2-0nhc/install/turtle_brick/lib/turtle_brick
[0.783s] 
[0.783s] Installed /home/zhengxiao-han/homework/me495/hw2/ws/src/homework-2-0nhc/build/turtle_brick
[0.783s] running symlink_data
[0.783s] creating /home/zhengxiao-han/homework/me495/hw2/ws/src/homework-2-0nhc/install/turtle_brick/share/ament_index
[0.783s] creating /home/zhengxiao-han/homework/me495/hw2/ws/src/homework-2-0nhc/install/turtle_brick/share/ament_index/resource_index
[0.783s] creating /home/zhengxiao-han/homework/me495/hw2/ws/src/homework-2-0nhc/install/turtle_brick/share/ament_index/resource_index/packages
[0.783s] symbolically linking /home/zhengxiao-han/homework/me495/hw2/ws/src/homework-2-0nhc/build/turtle_brick/resource/turtle_brick -> /home/zhengxiao-han/homework/me495/hw2/ws/src/homework-2-0nhc/install/turtle_brick/share/ament_index/resource_index/packages
[0.783s] symbolically linking /home/zhengxiao-han/homework/me495/hw2/ws/src/homework-2-0nhc/build/turtle_brick/package.xml -> /home/zhengxiao-han/homework/me495/hw2/ws/src/homework-2-0nhc/install/turtle_brick/share/turtle_brick
[0.783s] creating /home/zhengxiao-han/homework/me495/hw2/ws/src/homework-2-0nhc/install/turtle_brick/share/turtle_brick/launch
[0.783s] symbolically linking /home/zhengxiao-han/homework/me495/hw2/ws/src/homework-2-0nhc/build/turtle_brick/launch/show_turtle.launch.xml -> /home/zhengxiao-han/homework/me495/hw2/ws/src/homework-2-0nhc/install/turtle_brick/share/turtle_brick/launch
[0.783s] creating /home/zhengxiao-han/homework/me495/hw2/ws/src/homework-2-0nhc/install/turtle_brick/share/turtle_brick/config
[0.783s] symbolically linking /home/zhengxiao-han/homework/me495/hw2/ws/src/homework-2-0nhc/build/turtle_brick/config/turtle.yaml -> /home/zhengxiao-han/homework/me495/hw2/ws/src/homework-2-0nhc/install/turtle_brick/share/turtle_brick/config
[0.783s] creating /home/zhengxiao-han/homework/me495/hw2/ws/src/homework-2-0nhc/install/turtle_brick/share/turtle_brick/urdf
[0.783s] symbolically linking /home/zhengxiao-han/homework/me495/hw2/ws/src/homework-2-0nhc/build/turtle_brick/urdf/_platform_connector.urdf.xacro -> /home/zhengxiao-han/homework/me495/hw2/ws/src/homework-2-0nhc/install/turtle_brick/share/turtle_brick/urdf
[0.784s] symbolically linking /home/zhengxiao-han/homework/me495/hw2/ws/src/homework-2-0nhc/build/turtle_brick/urdf/_stem.urdf.xacro -> /home/zhengxiao-han/homework/me495/hw2/ws/src/homework-2-0nhc/install/turtle_brick/share/turtle_brick/urdf
[0.784s] symbolically linking /home/zhengxiao-han/homework/me495/hw2/ws/src/homework-2-0nhc/build/turtle_brick/urdf/_base_link.urdf.xacro -> /home/zhengxiao-han/homework/me495/hw2/ws/src/homework-2-0nhc/install/turtle_brick/share/turtle_brick/urdf
[0.784s] symbolically linking /home/zhengxiao-han/homework/me495/hw2/ws/src/homework-2-0nhc/build/turtle_brick/urdf/turtle.urdf.xacro -> /home/zhengxiao-han/homework/me495/hw2/ws/src/homework-2-0nhc/install/turtle_brick/share/turtle_brick/urdf
[0.784s] symbolically linking /home/zhengxiao-han/homework/me495/hw2/ws/src/homework-2-0nhc/build/turtle_brick/urdf/_wheel.urdf.xacro -> /home/zhengxiao-han/homework/me495/hw2/ws/src/homework-2-0nhc/install/turtle_brick/share/turtle_brick/urdf
[0.784s] symbolically linking /home/zhengxiao-han/homework/me495/hw2/ws/src/homework-2-0nhc/build/turtle_brick/urdf/_platform.urdf.xacro -> /home/zhengxiao-han/homework/me495/hw2/ws/src/homework-2-0nhc/install/turtle_brick/share/turtle_brick/urdf
[0.784s] creating /home/zhengxiao-han/homework/me495/hw2/ws/src/homework-2-0nhc/install/turtle_brick/share/turtle_brick/rviz
[0.784s] symbolically linking /home/zhengxiao-han/homework/me495/hw2/ws/src/homework-2-0nhc/build/turtle_brick/rviz/turtle_brick.rviz -> /home/zhengxiao-han/homework/me495/hw2/ws/src/homework-2-0nhc/install/turtle_brick/share/turtle_brick/rviz
[0.797s] Invoked command in '/home/zhengxiao-han/homework/me495/hw2/ws/src/homework-2-0nhc/build/turtle_brick' returned '0': PYTHONPATH=/home/zhengxiao-han/homework/me495/hw2/ws/src/homework-2-0nhc/build/turtle_brick/prefix_override:/usr/lib/python3/dist-packages/colcon_core/task/python/colcon_distutils_commands:/home/zhengxiao-han/homework/me495/hw2/ws/src/homework-2-0nhc/install/turtle_brick/lib/python3.12/site-packages:${PYTHONPATH} /usr/bin/python3 -W ignore:setup.py install is deprecated setup.py develop --editable --build-directory /home/zhengxiao-han/homework/me495/hw2/ws/src/homework-2-0nhc/build/turtle_brick/build --no-deps symlink_data
