[0.048s] DEBUG:colcon:Command line arguments: ['/usr/bin/colcon', 'build', '--symlink-install']
[0.048s] DEBUG:colcon:Parsed command line arguments: Namespace(log_base=None, log_level=None, verb_name='build', build_base='build', install_base='install', merge_install=False, symlink_install=True, test_result_base=None, continue_on_error=False, executor='parallel', parallel_workers=32, event_handlers=None, ignore_user_meta=False, metas=['./colcon.meta'], base_paths=['.'], packages_ignore=None, packages_ignore_regex=None, paths=None, packages_up_to=None, packages_up_to_regex=None, packages_above=None, packages_above_and_dependencies=None, packages_above_depth=None, packages_select_by_dep=None, packages_skip_by_dep=None, packages_skip_up_to=None, packages_select_build_failed=False, packages_skip_build_finished=False, packages_select_test_failures=False, packages_skip_test_passed=False, packages_select=None, packages_skip=None, packages_select_regex=None, packages_skip_regex=None, packages_start=None, packages_end=None, allow_overriding=[], cmake_args=None, cmake_target=None, cmake_target_skip_unavailable=False, cmake_clean_cache=False, cmake_clean_first=False, cmake_force_configure=False, ament_cmake_args=None, catkin_cmake_args=None, catkin_skip_building_tests=False, mixin_files=None, mixin=None, verb_parser=<colcon_mixin.mixin.mixin_argument.MixinArgumentDecorator object at 0x7ca6db9865d0>, verb_extension=<colcon_core.verb.build.BuildVerb object at 0x7ca6db985850>, main=<bound method BuildVerb.main of <colcon_core.verb.build.BuildVerb object at 0x7ca6db985850>>, mixin_verb=('build',))
[0.108s] Level 1:colcon.colcon_core.package_discovery:discover_packages(colcon_meta) check parameters
[0.108s] Level 1:colcon.colcon_core.package_discovery:discover_packages(recursive) check parameters
[0.108s] Level 1:colcon.colcon_core.package_discovery:discover_packages(ignore) check parameters
[0.108s] Level 1:colcon.colcon_core.package_discovery:discover_packages(path) check parameters
[0.108s] Level 1:colcon.colcon_core.package_discovery:discover_packages(colcon_meta) discover
[0.109s] Level 1:colcon.colcon_core.package_discovery:discover_packages(recursive) discover
[0.109s] INFO:colcon.colcon_core.package_discovery:Crawling recursively for packages in '/home/zhengxiao-han/homework/me495/hw2/ws/src/homework-2-0nhc'
[0.109s] Level 1:colcon.colcon_core.package_identification:_identify(.) by extensions ['ignore', 'ignore_ament_install']
[0.109s] Level 1:colcon.colcon_core.package_identification:_identify(.) by extension 'ignore'
[0.109s] Level 1:colcon.colcon_core.package_identification:_identify(.) by extension 'ignore_ament_install'
[0.109s] Level 1:colcon.colcon_core.package_identification:_identify(.) by extensions ['colcon_pkg']
[0.109s] Level 1:colcon.colcon_core.package_identification:_identify(.) by extension 'colcon_pkg'
[0.109s] Level 1:colcon.colcon_core.package_identification:_identify(.) by extensions ['colcon_meta']
[0.109s] Level 1:colcon.colcon_core.package_identification:_identify(.) by extension 'colcon_meta'
[0.109s] Level 1:colcon.colcon_core.package_identification:_identify(.) by extensions ['ros']
[0.109s] Level 1:colcon.colcon_core.package_identification:_identify(.) by extension 'ros'
[0.120s] Level 1:colcon.colcon_core.package_identification:_identify(.) by extensions ['cmake', 'python']
[0.120s] Level 1:colcon.colcon_core.package_identification:_identify(.) by extension 'cmake'
[0.120s] Level 1:colcon.colcon_core.package_identification:_identify(.) by extension 'python'
[0.121s] Level 1:colcon.colcon_core.package_identification:_identify(.) by extensions ['python_setup_py']
[0.121s] Level 1:colcon.colcon_core.package_identification:_identify(.) by extension 'python_setup_py'
[0.121s] Level 1:colcon.colcon_core.package_identification:_identify(build) by extensions ['ignore', 'ignore_ament_install']
[0.121s] Level 1:colcon.colcon_core.package_identification:_identify(build) by extension 'ignore'
[0.121s] Level 1:colcon.colcon_core.package_identification:_identify(build) ignored
[0.121s] Level 1:colcon.colcon_core.package_identification:_identify(install) by extensions ['ignore', 'ignore_ament_install']
[0.121s] Level 1:colcon.colcon_core.package_identification:_identify(install) by extension 'ignore'
[0.121s] Level 1:colcon.colcon_core.package_identification:_identify(install) ignored
[0.121s] Level 1:colcon.colcon_core.package_identification:_identify(log) by extensions ['ignore', 'ignore_ament_install']
[0.121s] Level 1:colcon.colcon_core.package_identification:_identify(log) by extension 'ignore'
[0.121s] Level 1:colcon.colcon_core.package_identification:_identify(log) ignored
[0.121s] Level 1:colcon.colcon_core.package_identification:_identify(turtle_brick) by extensions ['ignore', 'ignore_ament_install']
[0.121s] Level 1:colcon.colcon_core.package_identification:_identify(turtle_brick) by extension 'ignore'
[0.121s] Level 1:colcon.colcon_core.package_identification:_identify(turtle_brick) by extension 'ignore_ament_install'
[0.121s] Level 1:colcon.colcon_core.package_identification:_identify(turtle_brick) by extensions ['colcon_pkg']
[0.121s] Level 1:colcon.colcon_core.package_identification:_identify(turtle_brick) by extension 'colcon_pkg'
[0.121s] Level 1:colcon.colcon_core.package_identification:_identify(turtle_brick) by extensions ['colcon_meta']
[0.121s] Level 1:colcon.colcon_core.package_identification:_identify(turtle_brick) by extension 'colcon_meta'
[0.121s] Level 1:colcon.colcon_core.package_identification:_identify(turtle_brick) by extensions ['ros']
[0.121s] Level 1:colcon.colcon_core.package_identification:_identify(turtle_brick) by extension 'ros'
[0.122s] DEBUG:colcon.colcon_core.package_identification:Package 'turtle_brick' with type 'ros.ament_python' and name 'turtle_brick'
[0.122s] Level 1:colcon.colcon_core.package_discovery:discover_packages(recursive) using defaults
[0.122s] Level 1:colcon.colcon_core.package_discovery:discover_packages(ignore) discover
[0.122s] Level 1:colcon.colcon_core.package_discovery:discover_packages(ignore) using defaults
[0.122s] Level 1:colcon.colcon_core.package_discovery:discover_packages(path) discover
[0.122s] Level 1:colcon.colcon_core.package_discovery:discover_packages(path) using defaults
[0.130s] Level 1:colcon.colcon_core.package_discovery:discover_packages(prefix_path) check parameters
[0.130s] Level 1:colcon.colcon_core.package_discovery:discover_packages(prefix_path) discover
[0.131s] DEBUG:colcon.colcon_installed_package_information.package_discovery:Found 1 installed packages in /home/zhengxiao-han/homework/me495/hw2/ws/install
[0.131s] DEBUG:colcon.colcon_installed_package_information.package_discovery:Found 382 installed packages in /opt/ros/jazzy
[0.132s] Level 1:colcon.colcon_core.package_discovery:discover_packages(prefix_path) using defaults
[0.157s] Level 5:colcon.colcon_core.verb:set package 'turtle_brick' build argument 'cmake_args' from command line to 'None'
[0.157s] Level 5:colcon.colcon_core.verb:set package 'turtle_brick' build argument 'cmake_target' from command line to 'None'
[0.157s] Level 5:colcon.colcon_core.verb:set package 'turtle_brick' build argument 'cmake_target_skip_unavailable' from command line to 'False'
[0.157s] Level 5:colcon.colcon_core.verb:set package 'turtle_brick' build argument 'cmake_clean_cache' from command line to 'False'
[0.157s] Level 5:colcon.colcon_core.verb:set package 'turtle_brick' build argument 'cmake_clean_first' from command line to 'False'
[0.157s] Level 5:colcon.colcon_core.verb:set package 'turtle_brick' build argument 'cmake_force_configure' from command line to 'False'
[0.157s] Level 5:colcon.colcon_core.verb:set package 'turtle_brick' build argument 'ament_cmake_args' from command line to 'None'
[0.157s] Level 5:colcon.colcon_core.verb:set package 'turtle_brick' build argument 'catkin_cmake_args' from command line to 'None'
[0.157s] Level 5:colcon.colcon_core.verb:set package 'turtle_brick' build argument 'catkin_skip_building_tests' from command line to 'False'
[0.157s] DEBUG:colcon.colcon_core.verb:Building package 'turtle_brick' with the following arguments: {'ament_cmake_args': None, 'build_base': '/home/zhengxiao-han/homework/me495/hw2/ws/src/homework-2-0nhc/build/turtle_brick', 'catkin_cmake_args': None, 'catkin_skip_building_tests': False, 'cmake_args': None, 'cmake_clean_cache': False, 'cmake_clean_first': False, 'cmake_force_configure': False, 'cmake_target': None, 'cmake_target_skip_unavailable': False, 'install_base': '/home/zhengxiao-han/homework/me495/hw2/ws/src/homework-2-0nhc/install/turtle_brick', 'merge_install': False, 'path': '/home/zhengxiao-han/homework/me495/hw2/ws/src/homework-2-0nhc/turtle_brick', 'symlink_install': True, 'test_result_base': None}
[0.157s] INFO:colcon.colcon_core.executor:Executing jobs using 'parallel' executor
[0.158s] DEBUG:colcon.colcon_parallel_executor.executor.parallel:run_until_complete
[0.158s] INFO:colcon.colcon_ros.task.ament_python.build:Building ROS package in '/home/zhengxiao-han/homework/me495/hw2/ws/src/homework-2-0nhc/turtle_brick' with build type 'ament_python'
[0.158s] Level 1:colcon.colcon_core.shell:create_environment_hook('turtle_brick', 'ament_prefix_path')
[0.159s] INFO:colcon.colcon_core.plugin_system:Skipping extension 'colcon_core.shell.bat': Not used on non-Windows systems
[0.159s] INFO:colcon.colcon_core.shell:Creating environment hook '/home/zhengxiao-han/homework/me495/hw2/ws/src/homework-2-0nhc/install/turtle_brick/share/turtle_brick/hook/ament_prefix_path.ps1'
[0.159s] INFO:colcon.colcon_core.shell:Creating environment descriptor '/home/zhengxiao-han/homework/me495/hw2/ws/src/homework-2-0nhc/install/turtle_brick/share/turtle_brick/hook/ament_prefix_path.dsv'
[0.159s] INFO:colcon.colcon_core.shell:Creating environment hook '/home/zhengxiao-han/homework/me495/hw2/ws/src/homework-2-0nhc/install/turtle_brick/share/turtle_brick/hook/ament_prefix_path.sh'
[0.160s] INFO:colcon.colcon_core.shell:Skip shell extension 'powershell' for command environment: Not usable outside of PowerShell
[0.160s] DEBUG:colcon.colcon_core.shell:Skip shell extension 'dsv' for command environment
[0.327s] INFO:colcon.colcon_core.task.python.build:Building Python package in '/home/zhengxiao-han/homework/me495/hw2/ws/src/homework-2-0nhc/turtle_brick'
[0.328s] INFO:colcon.colcon_core.shell:Skip shell extension 'powershell' for command environment: Not usable outside of PowerShell
[0.328s] DEBUG:colcon.colcon_core.shell:Skip shell extension 'dsv' for command environment
[0.633s] DEBUG:colcon.colcon_core.event_handler.log_command:Invoking command in '/home/zhengxiao-han/homework/me495/hw2/ws/src/homework-2-0nhc/build/turtle_brick': PYTHONPATH=/home/zhengxiao-han/homework/me495/hw2/ws/src/homework-2-0nhc/build/turtle_brick/prefix_override:/usr/lib/python3/dist-packages/colcon_core/task/python/colcon_distutils_commands:/home/zhengxiao-han/homework/me495/hw2/ws/src/homework-2-0nhc/install/turtle_brick/lib/python3.12/site-packages:${PYTHONPATH} /usr/bin/python3 -W ignore:setup.py install is deprecated setup.py develop --editable --build-directory /home/zhengxiao-han/homework/me495/hw2/ws/src/homework-2-0nhc/build/turtle_brick/build --no-deps symlink_data
[0.954s] Level 1:colcon.colcon_core.shell:create_environment_hook('turtle_brick', 'pythonpath_develop')
[0.954s] INFO:colcon.colcon_core.shell:Creating environment hook '/home/zhengxiao-han/homework/me495/hw2/ws/src/homework-2-0nhc/build/turtle_brick/share/turtle_brick/hook/pythonpath_develop.ps1'
[0.954s] DEBUG:colcon.colcon_core.event_handler.log_command:Invoked command in '/home/zhengxiao-han/homework/me495/hw2/ws/src/homework-2-0nhc/build/turtle_brick' returned '0': PYTHONPATH=/home/zhengxiao-han/homework/me495/hw2/ws/src/homework-2-0nhc/build/turtle_brick/prefix_override:/usr/lib/python3/dist-packages/colcon_core/task/python/colcon_distutils_commands:/home/zhengxiao-han/homework/me495/hw2/ws/src/homework-2-0nhc/install/turtle_brick/lib/python3.12/site-packages:${PYTHONPATH} /usr/bin/python3 -W ignore:setup.py install is deprecated setup.py develop --editable --build-directory /home/zhengxiao-han/homework/me495/hw2/ws/src/homework-2-0nhc/build/turtle_brick/build --no-deps symlink_data
[0.955s] INFO:colcon.colcon_core.shell:Creating environment descriptor '/home/zhengxiao-han/homework/me495/hw2/ws/src/homework-2-0nhc/build/turtle_brick/share/turtle_brick/hook/pythonpath_develop.dsv'
[0.955s] INFO:colcon.colcon_core.shell:Creating environment hook '/home/zhengxiao-han/homework/me495/hw2/ws/src/homework-2-0nhc/build/turtle_brick/share/turtle_brick/hook/pythonpath_develop.sh'
[0.956s] Level 1:colcon.colcon_core.environment:checking '/home/zhengxiao-han/homework/me495/hw2/ws/src/homework-2-0nhc/install/turtle_brick' for CMake module files
[0.956s] Level 1:colcon.colcon_core.environment:checking '/home/zhengxiao-han/homework/me495/hw2/ws/src/homework-2-0nhc/install/turtle_brick' for CMake config files
[0.957s] Level 1:colcon.colcon_core.environment:checking '/home/zhengxiao-han/homework/me495/hw2/ws/src/homework-2-0nhc/install/turtle_brick/lib'
[0.957s] Level 1:colcon.colcon_core.environment:checking '/home/zhengxiao-han/homework/me495/hw2/ws/src/homework-2-0nhc/install/turtle_brick/bin'
[0.957s] Level 1:colcon.colcon_core.environment:checking '/home/zhengxiao-han/homework/me495/hw2/ws/src/homework-2-0nhc/install/turtle_brick/lib/pkgconfig/turtle_brick.pc'
[0.957s] Level 1:colcon.colcon_core.environment:checking '/home/zhengxiao-han/homework/me495/hw2/ws/src/homework-2-0nhc/install/turtle_brick/lib/python3.12/site-packages'
[0.957s] Level 1:colcon.colcon_core.shell:create_environment_hook('turtle_brick', 'pythonpath')
[0.957s] INFO:colcon.colcon_core.shell:Creating environment hook '/home/zhengxiao-han/homework/me495/hw2/ws/src/homework-2-0nhc/install/turtle_brick/share/turtle_brick/hook/pythonpath.ps1'
[0.957s] INFO:colcon.colcon_core.shell:Creating environment descriptor '/home/zhengxiao-han/homework/me495/hw2/ws/src/homework-2-0nhc/install/turtle_brick/share/turtle_brick/hook/pythonpath.dsv'
[0.957s] INFO:colcon.colcon_core.shell:Creating environment hook '/home/zhengxiao-han/homework/me495/hw2/ws/src/homework-2-0nhc/install/turtle_brick/share/turtle_brick/hook/pythonpath.sh'
[0.957s] Level 1:colcon.colcon_core.environment:checking '/home/zhengxiao-han/homework/me495/hw2/ws/src/homework-2-0nhc/install/turtle_brick/bin'
[0.957s] Level 1:colcon.colcon_core.environment:create_environment_scripts_only(turtle_brick)
[0.957s] INFO:colcon.colcon_core.shell:Creating package script '/home/zhengxiao-han/homework/me495/hw2/ws/src/homework-2-0nhc/install/turtle_brick/share/turtle_brick/package.ps1'
[0.958s] INFO:colcon.colcon_core.shell:Creating package descriptor '/home/zhengxiao-han/homework/me495/hw2/ws/src/homework-2-0nhc/install/turtle_brick/share/turtle_brick/package.dsv'
[0.958s] INFO:colcon.colcon_core.shell:Creating package script '/home/zhengxiao-han/homework/me495/hw2/ws/src/homework-2-0nhc/install/turtle_brick/share/turtle_brick/package.sh'
[0.958s] INFO:colcon.colcon_core.shell:Creating package script '/home/zhengxiao-han/homework/me495/hw2/ws/src/homework-2-0nhc/install/turtle_brick/share/turtle_brick/package.bash'
[0.959s] INFO:colcon.colcon_core.shell:Creating package script '/home/zhengxiao-han/homework/me495/hw2/ws/src/homework-2-0nhc/install/turtle_brick/share/turtle_brick/package.zsh'
[0.959s] Level 1:colcon.colcon_core.environment:create_file_with_runtime_dependencies(/home/zhengxiao-han/homework/me495/hw2/ws/src/homework-2-0nhc/install/turtle_brick/share/colcon-core/packages/turtle_brick)
[0.959s] DEBUG:colcon.colcon_parallel_executor.executor.parallel:closing loop
[0.959s] DEBUG:colcon.colcon_parallel_executor.executor.parallel:loop closed
[0.959s] DEBUG:colcon.colcon_parallel_executor.executor.parallel:run_until_complete finished with '0'
[0.959s] DEBUG:colcon.colcon_core.event_reactor:joining thread
[0.961s] INFO:colcon.colcon_core.plugin_system:Skipping extension 'colcon_notification.desktop_notification.terminal_notifier': Not used on non-Darwin systems
[0.961s] INFO:colcon.colcon_core.plugin_system:Skipping extension 'colcon_notification.desktop_notification.win32': Not used on non-Windows systems
[0.961s] INFO:colcon.colcon_notification.desktop_notification:Sending desktop notification using 'notify2'
[0.972s] DEBUG:colcon.colcon_core.event_reactor:joined thread
[0.972s] INFO:colcon.colcon_core.shell:Creating prefix script '/home/zhengxiao-han/homework/me495/hw2/ws/src/homework-2-0nhc/install/local_setup.ps1'
[0.972s] INFO:colcon.colcon_core.shell:Creating prefix util module '/home/zhengxiao-han/homework/me495/hw2/ws/src/homework-2-0nhc/install/_local_setup_util_ps1.py'
[0.972s] INFO:colcon.colcon_core.shell:Creating prefix chain script '/home/zhengxiao-han/homework/me495/hw2/ws/src/homework-2-0nhc/install/setup.ps1'
[0.973s] INFO:colcon.colcon_core.shell:Creating prefix script '/home/zhengxiao-han/homework/me495/hw2/ws/src/homework-2-0nhc/install/local_setup.sh'
[0.973s] INFO:colcon.colcon_core.shell:Creating prefix util module '/home/zhengxiao-han/homework/me495/hw2/ws/src/homework-2-0nhc/install/_local_setup_util_sh.py'
[0.973s] INFO:colcon.colcon_core.shell:Creating prefix chain script '/home/zhengxiao-han/homework/me495/hw2/ws/src/homework-2-0nhc/install/setup.sh'
[0.973s] INFO:colcon.colcon_core.shell:Creating prefix script '/home/zhengxiao-han/homework/me495/hw2/ws/src/homework-2-0nhc/install/local_setup.bash'
[0.974s] INFO:colcon.colcon_core.shell:Creating prefix chain script '/home/zhengxiao-han/homework/me495/hw2/ws/src/homework-2-0nhc/install/setup.bash'
[0.974s] INFO:colcon.colcon_core.shell:Creating prefix script '/home/zhengxiao-han/homework/me495/hw2/ws/src/homework-2-0nhc/install/local_setup.zsh'
[0.974s] INFO:colcon.colcon_core.shell:Creating prefix chain script '/home/zhengxiao-han/homework/me495/hw2/ws/src/homework-2-0nhc/install/setup.zsh'
